<?xml version="1.0" encoding="UTF-8" ?>
<testsuite errors="0" failures="0" hostname="DebianVM" name="UnlockerRaceTest" skipped="0" tests="3" time="0.462" timestamp="2017-09-17T17:19:38">
  <properties>
    <property name="java.vendor" value="Oracle Corporation" />
    <property name="coverage.summaryxml.dir" value="/media/sf_DebianVMShare/Repo/Software_Principles_Project/ANT/coverage/reports/cobertura-summary-xml" />
    <property name="sun.java.launcher" value="SUN_STANDARD" />
    <property name="coverage.reports.dir" value="/media/sf_DebianVMShare/Repo/Software_Principles_Project/ANT/coverage/reports" />
    <property name="sun.management.compiler" value="HotSpot 64-Bit Tiered Compilers" />
    <property name="dist" value="/media/sf_DebianVMShare/Repo/Software_Principles_Project/ANT/dist" />
    <property name="lib" value="/media/sf_DebianVMShare/Repo/Software_Principles_Project/ANT/lib" />
    <property name="os.name" value="Linux" />
    <property name="sun.boot.class.path" value="/usr/lib/jvm/java-8-oracle/jre/lib/resources.jar:/usr/lib/jvm/java-8-oracle/jre/lib/rt.jar:/usr/lib/jvm/java-8-oracle/jre/lib/sunrsasign.jar:/usr/lib/jvm/java-8-oracle/jre/lib/jsse.jar:/usr/lib/jvm/java-8-oracle/jre/lib/jce.jar:/usr/lib/jvm/java-8-oracle/jre/lib/charsets.jar:/usr/lib/jvm/java-8-oracle/jre/lib/jfr.jar:/usr/lib/jvm/java-8-oracle/jre/classes" />
    <property name="TODAY" value="September 17 2017" />
    <property name="sun.desktop" value="gnome" />
    <property name="java.vm.specification.vendor" value="Oracle Corporation" />
    <property name="ant.home" value="/home/connorjamessummeril/Progs/ant/default" />
    <property name="java.runtime.version" value="1.8.0_101-b13" />
    <property name="cobertura.dir" value="/media/sf_DebianVMShare/Repo/Software_Principles_Project/ANT/lib/cobertura" />
    <property name="user.name" value="root" />
    <property name="reports" value="/media/sf_DebianVMShare/Repo/Software_Principles_Project/ANT/test/reports" />
    <property name="user.language" value="en" />
    <property name="build" value="/media/sf_DebianVMShare/Repo/Software_Principles_Project/ANT/build" />
    <property name="coverage.reports.junit.html.dir" value="/media/sf_DebianVMShare/Repo/Software_Principles_Project/ANT/coverage/reports/junit-html" />
    <property name="sun.boot.library.path" value="/usr/lib/jvm/java-8-oracle/jre/lib/amd64" />
    <property name="ant.project.default-target" value="all" />
    <property name="ant.project.name" value="Generic Build" />
    <property name="DSTAMP" value="20170917" />
    <property name="java.version" value="1.8.0_101" />
    <property name="coverage.html.dir" value="/media/sf_DebianVMShare/Repo/Software_Principles_Project/ANT/coverage/reports/cobertura-html" />
    <property name="version" value="$Revision: 6 $" />
    <property name="user.timezone" value="" />
    <property name="sun.arch.data.model" value="64" />
    <property name="java.endorsed.dirs" value="/usr/lib/jvm/java-8-oracle/jre/lib/endorsed" />
    <property name="doc" value="/media/sf_DebianVMShare/Repo/Software_Principles_Project/ANT/doc" />
    <property name="sun.cpu.isalist" value="" />
    <property name="sun.jnu.encoding" value="UTF-8" />
    <property name="file.encoding.pkg" value="sun.io" />
    <property name="file.separator" value="/" />
    <property name="java.specification.name" value="Java Platform API Specification" />
    <property name="stylecheck" value="/media/sf_DebianVMShare/Repo/Software_Principles_Project/ANT/stylecheck" />
    <property name="classes.dir" value="/media/sf_DebianVMShare/Repo/Software_Principles_Project/ANT/coverage/classes" />
    <property name="java.class.version" value="52.0" />
    <property name="src" value="/media/sf_DebianVMShare/Repo/Software_Principles_Project/ANT/src" />
    <property name="user.country" value="US" />
    <property name="java.home" value="/usr/lib/jvm/java-8-oracle/jre" />
    <property name="java.vm.info" value="mixed mode" />
    <property name="ant.file" value="/media/sf_DebianVMShare/Repo/Software_Principles_Project/ANT/build.xml" />
    <property name="os.version" value="3.16.0-4-amd64" />
    <property name="path.separator" value=":" />
    <property name="java.vm.version" value="25.101-b13" />
    <property name="ant.library.dir" value="/home/connorjamessummeril/Progs/ant/default/lib" />
    <property name="java.awt.printerjob" value="sun.print.PSPrinterJob" />
    <property name="sun.io.unicode.encoding" value="UnicodeLittle" />
    <property name="awt.toolkit" value="sun.awt.X11.XToolkit" />
    <property name="ant.file.Generic Build" value="/media/sf_DebianVMShare/Repo/Software_Principles_Project/ANT/build.xml" />
    <property name="coverage.dir" value="/media/sf_DebianVMShare/Repo/Software_Principles_Project/ANT/coverage" />
    <property name="user.home" value="/root" />
    <property name="java.specification.vendor" value="Oracle Corporation" />
    <property name="test" value="/media/sf_DebianVMShare/Repo/Software_Principles_Project/ANT/test" />
    <property name="coverage.xml.dir" value="/media/sf_DebianVMShare/Repo/Software_Principles_Project/ANT/coverage/reports/cobertura-xml" />
    <property name="java.library.path" value="/usr/java/packages/lib/amd64:/usr/lib64:/lib64:/lib:/usr/lib" />
    <property name="java.vendor.url" value="http://java.oracle.com/" />
    <property name="java.vm.vendor" value="Oracle Corporation" />
    <property name="java.runtime.name" value="Java(TM) SE Runtime Environment" />
    <property name="sun.java.command" value="org.apache.tools.ant.taskdefs.optional.junit.JUnitTestRunner UnlockerRaceTest skipNonTests=false filtertrace=true haltOnError=false haltOnFailure=false formatter=org.apache.tools.ant.taskdefs.optional.junit.OutErrSummaryJUnitResultFormatter showoutput=true outputtoformatters=true logfailedtests=true threadid=0 logtestlistenerevents=false formatter=org.apache.tools.ant.taskdefs.optional.junit.XMLJUnitResultFormatter,/media/sf_DebianVMShare/Repo/Software_Principles_Project/ANT/test/reports/TEST-UnlockerRaceTest.xml formatter=org.apache.tools.ant.taskdefs.optional.junit.PlainJUnitResultFormatter formatter=org.apache.tools.ant.taskdefs.optional.junit.PlainJUnitResultFormatter,/media/sf_DebianVMShare/Repo/Software_Principles_Project/ANT/test/reports/TEST-UnlockerRaceTest.txt crashfile=/media/sf_DebianVMShare/Repo/Software_Principles_Project/ANT/junitvmwatcher4374277666144565379.properties propsfile=/media/sf_DebianVMShare/Repo/Software_Principles_Project/ANT/junit1073020942338761978.properties" />
    <property name="java.class.path" value="/media/sf_DebianVMShare/Repo/Software_Principles_Project/ANT/lib/checkstyle.jar:/media/sf_DebianVMShare/Repo/Software_Principles_Project/ANT/lib/cobertura/asm-5.0.1.jar:/media/sf_DebianVMShare/Repo/Software_Principles_Project/ANT/lib/cobertura/asm-analysis-5.0.1.jar:/media/sf_DebianVMShare/Repo/Software_Principles_Project/ANT/lib/cobertura/asm-commons-5.0.1.jar:/media/sf_DebianVMShare/Repo/Software_Principles_Project/ANT/lib/cobertura/asm-tree-5.0.1.jar:/media/sf_DebianVMShare/Repo/Software_Principles_Project/ANT/lib/cobertura/asm-util-5.0.1.jar:/media/sf_DebianVMShare/Repo/Software_Principles_Project/ANT/lib/cobertura/cobertura-2.1.1.jar:/media/sf_DebianVMShare/Repo/Software_Principles_Project/ANT/lib/cobertura/commons-lang3-3.3.2.jar:/media/sf_DebianVMShare/Repo/Software_Principles_Project/ANT/lib/cobertura/logback-classic-1.0.13.jar:/media/sf_DebianVMShare/Repo/Software_Principles_Project/ANT/lib/cobertura/logback-core-1.0.13.jar:/media/sf_DebianVMShare/Repo/Software_Principles_Project/ANT/lib/cobertura/oro-2.0.8.jar:/media/sf_DebianVMShare/Repo/Software_Principles_Project/ANT/lib/cobertura/slf4j-api-1.7.5.jar:/media/sf_DebianVMShare/Repo/Software_Principles_Project/ANT/lib/hamcrest-core.jar:/media/sf_DebianVMShare/Repo/Software_Principles_Project/ANT/lib/junit-prev.jar:/media/sf_DebianVMShare/Repo/Software_Principles_Project/ANT/lib/junit.jar:/media/sf_DebianVMShare/Repo/Software_Principles_Project/ANT/build:/home/connorjamessummeril/Progs/ant/apache-ant-1.9.7/lib/ant-launcher.jar:/home/connorjamessummeril/Progs/ant/default/lib/ant.jar:/home/connorjamessummeril/Progs/ant/default/lib/ant-junit.jar:/home/connorjamessummeril/Progs/ant/default/lib/ant-junit4.jar" />
    <property name="ant.version" value="Apache Ant(TM) version 1.9.7 compiled on April 9 2016" />
    <property name="TSTAMP" value="1119" />
    <property name="java.vm.specification.name" value="Java Virtual Machine Specification" />
    <property name="ant.file.type" value="file" />
    <property name="java.vm.specification.version" value="1.8" />
    <property name="ant.file.type.Generic Build" value="file" />
    <property name="sun.cpu.endian" value="little" />
    <property name="sun.os.patch.level" value="unknown" />
    <property name="java.io.tmpdir" value="/tmp" />
    <property name="coverage.reports.junit.xml.dir" value="/media/sf_DebianVMShare/Repo/Software_Principles_Project/ANT/coverage/reports/junit-xml" />
    <property name="java.vendor.url.bug" value="http://bugreport.sun.com/bugreport/" />
    <property name="instrumented.dir" value="/media/sf_DebianVMShare/Repo/Software_Principles_Project/ANT/coverage/instrumented" />
    <property name="java.awt.graphicsenv" value="sun.awt.X11GraphicsEnvironment" />
    <property name="os.arch" value="amd64" />
    <property name="java.ext.dirs" value="/usr/lib/jvm/java-8-oracle/jre/lib/ext:/usr/java/packages/lib/ext" />
    <property name="user.dir" value="/media/sf_DebianVMShare/Repo/Software_Principles_Project/ANT" />
    <property name="line.separator" value="&#xa;" />
    <property name="java.vm.name" value="Java HotSpot(TM) 64-Bit Server VM" />
    <property name="basedir" value="/media/sf_DebianVMShare/Repo/Software_Principles_Project/ANT" />
    <property name="ant.java.version" value="1.8" />
    <property name="ant.core.lib" value="/home/connorjamessummeril/Progs/ant/default/lib/ant.jar" />
    <property name="file.encoding" value="UTF-8" />
    <property name="java.specification.version" value="1.8" />
    <property name="ant.project.invoked-targets" value="test" />
  </properties>
  <testcase classname="UnlockerRaceTest" name="linearTimer" time="0.245" />
  <testcase classname="UnlockerRaceTest" name="simpleTimer" time="0.005" />
  <testcase classname="UnlockerRaceTest" name="originalTimer" time="0.014" />
  <system-out><![CDATA[Linear unlocker finishes unlocking 7 devices in : 225353537 nano seconds
SimpleDeviceUnlocker finishes unlocking 7 devices in : 4575467 nano seconds
FourBitTwoDisclosure finishes unlocking 7 devices in : 13956324 nano seconds
]]></system-out>
  <system-err><![CDATA[]]></system-err>
</testsuite>
